<?xml version="1.0" encoding="UTF-8"?>
<testsuite xmlns:xsi="http://www.w3.org/2001/XMLSchema-instance" xsi:noNamespaceSchemaLocation="https://maven.apache.org/surefire/maven-surefire-plugin/xsd/surefire-test-report.xsd" name="com.atguigu.system.MyBatisPlusTest" time="4.796" tests="2" errors="0" skipped="0" failures="0">
  <properties>
    <property name="sun.desktop" value="windows"/>
    <property name="awt.toolkit" value="sun.awt.windows.WToolkit"/>
    <property name="file.encoding.pkg" value="sun.io"/>
    <property name="java.specification.version" value="1.8"/>
    <property name="sun.cpu.isalist" value="amd64"/>
    <property name="sun.jnu.encoding" value="GBK"/>
    <property name="java.class.path" value="D:\Java_Web_相关资料\code\后端\guli-auth-project\service-system\target\test-classes;D:\Java_Web_相关资料\code\后端\guli-auth-project\service-system\target\classes;D:\Java_Web_相关资料\code\后端\guli-auth-project\common\spring-security\target\spring-security-1.0.jar;D:\Java_Web_相关资料\code\后端\guli-auth-project\common\common-util\target\common-util-1.0.jar;D:\Environments\Java\apache-maven-3.6.1\maven-repo\io\jsonwebtoken\jjwt\0.7.0\jjwt-0.7.0.jar;D:\Environments\Java\apache-maven-3.6.1\maven-repo\com\fasterxml\jackson\core\jackson-databind\2.11.3\jackson-databind-2.11.3.jar;D:\Environments\Java\apache-maven-3.6.1\maven-repo\com\fasterxml\jackson\core\jackson-annotations\2.11.3\jackson-annotations-2.11.3.jar;D:\Environments\Java\apache-maven-3.6.1\maven-repo\com\fasterxml\jackson\core\jackson-core\2.11.3\jackson-core-2.11.3.jar;D:\Environments\Java\apache-maven-3.6.1\maven-repo\org\projectlombok\lombok\1.18.16\lombok-1.18.16.jar;D:\Environments\Java\apache-maven-3.6.1\maven-repo\com\alibaba\fastjson\1.2.29\fastjson-1.2.29.jar;D:\Java_Web_相关资料\code\后端\guli-auth-project\model\target\model-1.0.jar;D:\Environments\Java\apache-maven-3.6.1\maven-repo\org\springframework\boot\spring-boot-starter-security\2.3.6.RELEASE\spring-boot-starter-security-2.3.6.RELEASE.jar;D:\Environments\Java\apache-maven-3.6.1\maven-repo\org\springframework\spring-aop\5.2.11.RELEASE\spring-aop-5.2.11.RELEASE.jar;D:\Environments\Java\apache-maven-3.6.1\maven-repo\org\springframework\spring-beans\5.2.11.RELEASE\spring-beans-5.2.11.RELEASE.jar;D:\Environments\Java\apache-maven-3.6.1\maven-repo\org\springframework\security\spring-security-config\5.3.5.RELEASE\spring-security-config-5.3.5.RELEASE.jar;D:\Environments\Java\apache-maven-3.6.1\maven-repo\org\springframework\security\spring-security-core\5.3.5.RELEASE\spring-security-core-5.3.5.RELEASE.jar;D:\Environments\Java\apache-maven-3.6.1\maven-repo\org\springframework\spring-context\5.2.11.RELEASE\spring-context-5.2.11.RELEASE.jar;D:\Environments\Java\apache-maven-3.6.1\maven-repo\org\springframework\security\spring-security-web\5.3.5.RELEASE\spring-security-web-5.3.5.RELEASE.jar;D:\Environments\Java\apache-maven-3.6.1\maven-repo\org\springframework\spring-expression\5.2.11.RELEASE\spring-expression-5.2.11.RELEASE.jar;D:\Environments\Java\apache-maven-3.6.1\maven-repo\org\springframework\boot\spring-boot-starter-data-redis\2.3.6.RELEASE\spring-boot-starter-data-redis-2.3.6.RELEASE.jar;D:\Environments\Java\apache-maven-3.6.1\maven-repo\org\springframework\data\spring-data-redis\2.3.5.RELEASE\spring-data-redis-2.3.5.RELEASE.jar;D:\Environments\Java\apache-maven-3.6.1\maven-repo\org\springframework\data\spring-data-keyvalue\2.3.5.RELEASE\spring-data-keyvalue-2.3.5.RELEASE.jar;D:\Environments\Java\apache-maven-3.6.1\maven-repo\org\springframework\data\spring-data-commons\2.3.5.RELEASE\spring-data-commons-2.3.5.RELEASE.jar;D:\Environments\Java\apache-maven-3.6.1\maven-repo\org\springframework\spring-tx\5.2.11.RELEASE\spring-tx-5.2.11.RELEASE.jar;D:\Environments\Java\apache-maven-3.6.1\maven-repo\org\springframework\spring-oxm\5.2.11.RELEASE\spring-oxm-5.2.11.RELEASE.jar;D:\Environments\Java\apache-maven-3.6.1\maven-repo\org\springframework\spring-context-support\5.2.11.RELEASE\spring-context-support-5.2.11.RELEASE.jar;D:\Environments\Java\apache-maven-3.6.1\maven-repo\io\lettuce\lettuce-core\5.3.5.RELEASE\lettuce-core-5.3.5.RELEASE.jar;D:\Environments\Java\apache-maven-3.6.1\maven-repo\io\netty\netty-common\4.1.54.Final\netty-common-4.1.54.Final.jar;D:\Environments\Java\apache-maven-3.6.1\maven-repo\io\netty\netty-handler\4.1.54.Final\netty-handler-4.1.54.Final.jar;D:\Environments\Java\apache-maven-3.6.1\maven-repo\io\netty\netty-resolver\4.1.54.Final\netty-resolver-4.1.54.Final.jar;D:\Environments\Java\apache-maven-3.6.1\maven-repo\io\netty\netty-buffer\4.1.54.Final\netty-buffer-4.1.54.Final.jar;D:\Environments\Java\apache-maven-3.6.1\maven-repo\io\netty\netty-codec\4.1.54.Final\netty-codec-4.1.54.Final.jar;D:\Environments\Java\apache-maven-3.6.1\maven-repo\io\netty\netty-transport\4.1.54.Final\netty-transport-4.1.54.Final.jar;D:\Environments\Java\apache-maven-3.6.1\maven-repo\io\projectreactor\reactor-core\3.3.11.RELEASE\reactor-core-3.3.11.RELEASE.jar;D:\Environments\Java\apache-maven-3.6.1\maven-repo\org\reactivestreams\reactive-streams\1.0.3\reactive-streams-1.0.3.jar;D:\Environments\Java\apache-maven-3.6.1\maven-repo\org\apache\commons\commons-pool2\2.8.1\commons-pool2-2.8.1.jar;D:\Java_Web_相关资料\code\后端\guli-auth-project\common\service-util\target\service-util-1.0.jar;D:\Java_Web_相关资料\code\后端\guli-auth-project\common\common-log\target\common-log-1.0.jar;D:\Environments\Java\apache-maven-3.6.1\maven-repo\org\springframework\boot\spring-boot-starter-web\2.3.6.RELEASE\spring-boot-starter-web-2.3.6.RELEASE.jar;D:\Environments\Java\apache-maven-3.6.1\maven-repo\org\springframework\boot\spring-boot-starter-json\2.3.6.RELEASE\spring-boot-starter-json-2.3.6.RELEASE.jar;D:\Environments\Java\apache-maven-3.6.1\maven-repo\com\fasterxml\jackson\datatype\jackson-datatype-jdk8\2.11.3\jackson-datatype-jdk8-2.11.3.jar;D:\Environments\Java\apache-maven-3.6.1\maven-repo\com\fasterxml\jackson\datatype\jackson-datatype-jsr310\2.11.3\jackson-datatype-jsr310-2.11.3.jar;D:\Environments\Java\apache-maven-3.6.1\maven-repo\com\fasterxml\jackson\module\jackson-module-parameter-names\2.11.3\jackson-module-parameter-names-2.11.3.jar;D:\Environments\Java\apache-maven-3.6.1\maven-repo\org\springframework\boot\spring-boot-starter-tomcat\2.3.6.RELEASE\spring-boot-starter-tomcat-2.3.6.RELEASE.jar;D:\Environments\Java\apache-maven-3.6.1\maven-repo\org\apache\tomcat\embed\tomcat-embed-core\9.0.39\tomcat-embed-core-9.0.39.jar;D:\Environments\Java\apache-maven-3.6.1\maven-repo\org\glassfish\jakarta.el\3.0.3\jakarta.el-3.0.3.jar;D:\Environments\Java\apache-maven-3.6.1\maven-repo\org\apache\tomcat\embed\tomcat-embed-websocket\9.0.39\tomcat-embed-websocket-9.0.39.jar;D:\Environments\Java\apache-maven-3.6.1\maven-repo\org\springframework\spring-web\5.2.11.RELEASE\spring-web-5.2.11.RELEASE.jar;D:\Environments\Java\apache-maven-3.6.1\maven-repo\org\springframework\spring-webmvc\5.2.11.RELEASE\spring-webmvc-5.2.11.RELEASE.jar;D:\Environments\Java\apache-maven-3.6.1\maven-repo\com\baomidou\mybatis-plus-boot-starter\3.4.1\mybatis-plus-boot-starter-3.4.1.jar;D:\Environments\Java\apache-maven-3.6.1\maven-repo\com\baomidou\mybatis-plus\3.4.1\mybatis-plus-3.4.1.jar;D:\Environments\Java\apache-maven-3.6.1\maven-repo\com\baomidou\mybatis-plus-extension\3.4.1\mybatis-plus-extension-3.4.1.jar;D:\Environments\Java\apache-maven-3.6.1\maven-repo\com\baomidou\mybatis-plus-core\3.4.1\mybatis-plus-core-3.4.1.jar;D:\Environments\Java\apache-maven-3.6.1\maven-repo\com\baomidou\mybatis-plus-annotation\3.4.1\mybatis-plus-annotation-3.4.1.jar;D:\Environments\Java\apache-maven-3.6.1\maven-repo\com\github\jsqlparser\jsqlparser\3.2\jsqlparser-3.2.jar;D:\Environments\Java\apache-maven-3.6.1\maven-repo\org\mybatis\mybatis\3.5.6\mybatis-3.5.6.jar;D:\Environments\Java\apache-maven-3.6.1\maven-repo\org\mybatis\mybatis-spring\2.0.5\mybatis-spring-2.0.5.jar;D:\Environments\Java\apache-maven-3.6.1\maven-repo\org\springframework\boot\spring-boot-autoconfigure\2.3.6.RELEASE\spring-boot-autoconfigure-2.3.6.RELEASE.jar;D:\Environments\Java\apache-maven-3.6.1\maven-repo\org\springframework\boot\spring-boot-starter-jdbc\2.3.6.RELEASE\spring-boot-starter-jdbc-2.3.6.RELEASE.jar;D:\Environments\Java\apache-maven-3.6.1\maven-repo\com\zaxxer\HikariCP\3.4.5\HikariCP-3.4.5.jar;D:\Environments\Java\apache-maven-3.6.1\maven-repo\org\springframework\spring-jdbc\5.2.11.RELEASE\spring-jdbc-5.2.11.RELEASE.jar;D:\Environments\Java\apache-maven-3.6.1\maven-repo\mysql\mysql-connector-java\8.0.23\mysql-connector-java-8.0.23.jar;D:\Environments\Java\apache-maven-3.6.1\maven-repo\com\google\protobuf\protobuf-java\3.11.4\protobuf-java-3.11.4.jar;D:\Environments\Java\apache-maven-3.6.1\maven-repo\com\github\xiaoymin\knife4j-spring-boot-starter\2.0.8\knife4j-spring-boot-starter-2.0.8.jar;D:\Environments\Java\apache-maven-3.6.1\maven-repo\com\github\xiaoymin\knife4j-spring-boot-autoconfigure\2.0.8\knife4j-spring-boot-autoconfigure-2.0.8.jar;D:\Environments\Java\apache-maven-3.6.1\maven-repo\com\github\xiaoymin\knife4j-spring\2.0.8\knife4j-spring-2.0.8.jar;D:\Environments\Java\apache-maven-3.6.1\maven-repo\com\github\xiaoymin\knife4j-annotations\2.0.8\knife4j-annotations-2.0.8.jar;D:\Environments\Java\apache-maven-3.6.1\maven-repo\com\github\xiaoymin\knife4j-core\2.0.8\knife4j-core-2.0.8.jar;D:\Environments\Java\apache-maven-3.6.1\maven-repo\org\javassist\javassist\3.25.0-GA\javassist-3.25.0-GA.jar;D:\Environments\Java\apache-maven-3.6.1\maven-repo\io\swagger\swagger-models\1.5.22\swagger-models-1.5.22.jar;D:\Environments\Java\apache-maven-3.6.1\maven-repo\io\swagger\swagger-annotations\1.5.22\swagger-annotations-1.5.22.jar;D:\Environments\Java\apache-maven-3.6.1\maven-repo\io\springfox\springfox-swagger2\2.10.5\springfox-swagger2-2.10.5.jar;D:\Environments\Java\apache-maven-3.6.1\maven-repo\io\springfox\springfox-spi\2.10.5\springfox-spi-2.10.5.jar;D:\Environments\Java\apache-maven-3.6.1\maven-repo\io\springfox\springfox-core\2.10.5\springfox-core-2.10.5.jar;D:\Environments\Java\apache-maven-3.6.1\maven-repo\io\springfox\springfox-schema\2.10.5\springfox-schema-2.10.5.jar;D:\Environments\Java\apache-maven-3.6.1\maven-repo\io\springfox\springfox-swagger-common\2.10.5\springfox-swagger-common-2.10.5.jar;D:\Environments\Java\apache-maven-3.6.1\maven-repo\io\springfox\springfox-spring-web\2.10.5\springfox-spring-web-2.10.5.jar;D:\Environments\Java\apache-maven-3.6.1\maven-repo\io\github\classgraph\classgraph\4.1.7\classgraph-4.1.7.jar;D:\Environments\Java\apache-maven-3.6.1\maven-repo\com\fasterxml\classmate\1.5.1\classmate-1.5.1.jar;D:\Environments\Java\apache-maven-3.6.1\maven-repo\org\springframework\plugin\spring-plugin-core\2.0.0.RELEASE\spring-plugin-core-2.0.0.RELEASE.jar;D:\Environments\Java\apache-maven-3.6.1\maven-repo\org\springframework\plugin\spring-plugin-metadata\2.0.0.RELEASE\spring-plugin-metadata-2.0.0.RELEASE.jar;D:\Environments\Java\apache-maven-3.6.1\maven-repo\org\mapstruct\mapstruct\1.3.1.Final\mapstruct-1.3.1.Final.jar;D:\Environments\Java\apache-maven-3.6.1\maven-repo\io\springfox\springfox-bean-validators\2.10.5\springfox-bean-validators-2.10.5.jar;D:\Environments\Java\apache-maven-3.6.1\maven-repo\io\springfox\springfox-spring-webmvc\2.10.5\springfox-spring-webmvc-2.10.5.jar;D:\Environments\Java\apache-maven-3.6.1\maven-repo\com\github\xiaoymin\knife4j-spring-ui\2.0.8\knife4j-spring-ui-2.0.8.jar;D:\Environments\Java\apache-maven-3.6.1\maven-repo\org\springframework\boot\spring-boot-starter-test\2.3.6.RELEASE\spring-boot-starter-test-2.3.6.RELEASE.jar;D:\Environments\Java\apache-maven-3.6.1\maven-repo\org\springframework\boot\spring-boot-starter\2.3.6.RELEASE\spring-boot-starter-2.3.6.RELEASE.jar;D:\Environments\Java\apache-maven-3.6.1\maven-repo\org\springframework\boot\spring-boot\2.3.6.RELEASE\spring-boot-2.3.6.RELEASE.jar;D:\Environments\Java\apache-maven-3.6.1\maven-repo\org\springframework\boot\spring-boot-starter-logging\2.3.6.RELEASE\spring-boot-starter-logging-2.3.6.RELEASE.jar;D:\Environments\Java\apache-maven-3.6.1\maven-repo\ch\qos\logback\logback-classic\1.2.3\logback-classic-1.2.3.jar;D:\Environments\Java\apache-maven-3.6.1\maven-repo\ch\qos\logback\logback-core\1.2.3\logback-core-1.2.3.jar;D:\Environments\Java\apache-maven-3.6.1\maven-repo\org\apache\logging\log4j\log4j-to-slf4j\2.13.3\log4j-to-slf4j-2.13.3.jar;D:\Environments\Java\apache-maven-3.6.1\maven-repo\org\apache\logging\log4j\log4j-api\2.13.3\log4j-api-2.13.3.jar;D:\Environments\Java\apache-maven-3.6.1\maven-repo\org\slf4j\jul-to-slf4j\1.7.30\jul-to-slf4j-1.7.30.jar;D:\Environments\Java\apache-maven-3.6.1\maven-repo\jakarta\annotation\jakarta.annotation-api\1.3.5\jakarta.annotation-api-1.3.5.jar;D:\Environments\Java\apache-maven-3.6.1\maven-repo\org\yaml\snakeyaml\1.26\snakeyaml-1.26.jar;D:\Environments\Java\apache-maven-3.6.1\maven-repo\org\springframework\boot\spring-boot-test\2.3.6.RELEASE\spring-boot-test-2.3.6.RELEASE.jar;D:\Environments\Java\apache-maven-3.6.1\maven-repo\org\springframework\boot\spring-boot-test-autoconfigure\2.3.6.RELEASE\spring-boot-test-autoconfigure-2.3.6.RELEASE.jar;D:\Environments\Java\apache-maven-3.6.1\maven-repo\com\jayway\jsonpath\json-path\2.4.0\json-path-2.4.0.jar;D:\Environments\Java\apache-maven-3.6.1\maven-repo\net\minidev\json-smart\2.3\json-smart-2.3.jar;D:\Environments\Java\apache-maven-3.6.1\maven-repo\net\minidev\accessors-smart\1.2\accessors-smart-1.2.jar;D:\Environments\Java\apache-maven-3.6.1\maven-repo\org\ow2\asm\asm\5.0.4\asm-5.0.4.jar;D:\Environments\Java\apache-maven-3.6.1\maven-repo\org\slf4j\slf4j-api\1.7.30\slf4j-api-1.7.30.jar;D:\Environments\Java\apache-maven-3.6.1\maven-repo\jakarta\xml\bind\jakarta.xml.bind-api\2.3.3\jakarta.xml.bind-api-2.3.3.jar;D:\Environments\Java\apache-maven-3.6.1\maven-repo\jakarta\activation\jakarta.activation-api\1.2.2\jakarta.activation-api-1.2.2.jar;D:\Environments\Java\apache-maven-3.6.1\maven-repo\org\assertj\assertj-core\3.16.1\assertj-core-3.16.1.jar;D:\Environments\Java\apache-maven-3.6.1\maven-repo\org\hamcrest\hamcrest\2.2\hamcrest-2.2.jar;D:\Environments\Java\apache-maven-3.6.1\maven-repo\org\junit\jupiter\junit-jupiter\5.6.3\junit-jupiter-5.6.3.jar;D:\Environments\Java\apache-maven-3.6.1\maven-repo\org\junit\jupiter\junit-jupiter-api\5.6.3\junit-jupiter-api-5.6.3.jar;D:\Environments\Java\apache-maven-3.6.1\maven-repo\org\opentest4j\opentest4j\1.2.0\opentest4j-1.2.0.jar;D:\Environments\Java\apache-maven-3.6.1\maven-repo\org\junit\platform\junit-platform-commons\1.6.3\junit-platform-commons-1.6.3.jar;D:\Environments\Java\apache-maven-3.6.1\maven-repo\org\junit\jupiter\junit-jupiter-params\5.6.3\junit-jupiter-params-5.6.3.jar;D:\Environments\Java\apache-maven-3.6.1\maven-repo\org\junit\jupiter\junit-jupiter-engine\5.6.3\junit-jupiter-engine-5.6.3.jar;D:\Environments\Java\apache-maven-3.6.1\maven-repo\org\junit\vintage\junit-vintage-engine\5.6.3\junit-vintage-engine-5.6.3.jar;D:\Environments\Java\apache-maven-3.6.1\maven-repo\org\apiguardian\apiguardian-api\1.1.0\apiguardian-api-1.1.0.jar;D:\Environments\Java\apache-maven-3.6.1\maven-repo\org\junit\platform\junit-platform-engine\1.6.3\junit-platform-engine-1.6.3.jar;D:\Environments\Java\apache-maven-3.6.1\maven-repo\junit\junit\4.13.1\junit-4.13.1.jar;D:\Environments\Java\apache-maven-3.6.1\maven-repo\org\mockito\mockito-core\3.3.3\mockito-core-3.3.3.jar;D:\Environments\Java\apache-maven-3.6.1\maven-repo\net\bytebuddy\byte-buddy\1.10.18\byte-buddy-1.10.18.jar;D:\Environments\Java\apache-maven-3.6.1\maven-repo\net\bytebuddy\byte-buddy-agent\1.10.18\byte-buddy-agent-1.10.18.jar;D:\Environments\Java\apache-maven-3.6.1\maven-repo\org\objenesis\objenesis\2.6\objenesis-2.6.jar;D:\Environments\Java\apache-maven-3.6.1\maven-repo\org\mockito\mockito-junit-jupiter\3.3.3\mockito-junit-jupiter-3.3.3.jar;D:\Environments\Java\apache-maven-3.6.1\maven-repo\org\skyscreamer\jsonassert\1.5.0\jsonassert-1.5.0.jar;D:\Environments\Java\apache-maven-3.6.1\maven-repo\com\vaadin\external\google\android-json\0.0.20131108.vaadin1\android-json-0.0.20131108.vaadin1.jar;D:\Environments\Java\apache-maven-3.6.1\maven-repo\org\springframework\spring-core\5.2.11.RELEASE\spring-core-5.2.11.RELEASE.jar;D:\Environments\Java\apache-maven-3.6.1\maven-repo\org\springframework\spring-jcl\5.2.11.RELEASE\spring-jcl-5.2.11.RELEASE.jar;D:\Environments\Java\apache-maven-3.6.1\maven-repo\org\springframework\spring-test\5.2.11.RELEASE\spring-test-5.2.11.RELEASE.jar;D:\Environments\Java\apache-maven-3.6.1\maven-repo\org\xmlunit\xmlunit-core\2.7.0\xmlunit-core-2.7.0.jar;"/>
    <property name="java.vm.vendor" value="Oracle Corporation"/>
    <property name="sun.arch.data.model" value="64"/>
    <property name="user.variant" value=""/>
    <property name="java.vendor.url" value="http://java.oracle.com/"/>
    <property name="user.timezone" value="Asia/Shanghai"/>
    <property name="java.vm.specification.version" value="1.8"/>
    <property name="os.name" value="Windows 11"/>
    <property name="user.country" value="CN"/>
    <property name="sun.java.launcher" value="SUN_STANDARD"/>
    <property name="sun.boot.library.path" value="D:\Environments\Java\jdk1.8\jre\bin"/>
    <property name="sun.java.command" value="C:\Users\Ytz\AppData\Local\Temp\surefire654019705864884810\surefirebooter8369313924940332278.jar C:\Users\Ytz\AppData\Local\Temp\surefire654019705864884810 2023-04-15T12-47-59_635-jvmRun1 surefire169954639019513986tmp surefire_01471170896868189185tmp"/>
    <property name="surefire.test.class.path" value="D:\Java_Web_相关资料\code\后端\guli-auth-project\service-system\target\test-classes;D:\Java_Web_相关资料\code\后端\guli-auth-project\service-system\target\classes;D:\Java_Web_相关资料\code\后端\guli-auth-project\common\spring-security\target\spring-security-1.0.jar;D:\Java_Web_相关资料\code\后端\guli-auth-project\common\common-util\target\common-util-1.0.jar;D:\Environments\Java\apache-maven-3.6.1\maven-repo\io\jsonwebtoken\jjwt\0.7.0\jjwt-0.7.0.jar;D:\Environments\Java\apache-maven-3.6.1\maven-repo\com\fasterxml\jackson\core\jackson-databind\2.11.3\jackson-databind-2.11.3.jar;D:\Environments\Java\apache-maven-3.6.1\maven-repo\com\fasterxml\jackson\core\jackson-annotations\2.11.3\jackson-annotations-2.11.3.jar;D:\Environments\Java\apache-maven-3.6.1\maven-repo\com\fasterxml\jackson\core\jackson-core\2.11.3\jackson-core-2.11.3.jar;D:\Environments\Java\apache-maven-3.6.1\maven-repo\org\projectlombok\lombok\1.18.16\lombok-1.18.16.jar;D:\Environments\Java\apache-maven-3.6.1\maven-repo\com\alibaba\fastjson\1.2.29\fastjson-1.2.29.jar;D:\Java_Web_相关资料\code\后端\guli-auth-project\model\target\model-1.0.jar;D:\Environments\Java\apache-maven-3.6.1\maven-repo\org\springframework\boot\spring-boot-starter-security\2.3.6.RELEASE\spring-boot-starter-security-2.3.6.RELEASE.jar;D:\Environments\Java\apache-maven-3.6.1\maven-repo\org\springframework\spring-aop\5.2.11.RELEASE\spring-aop-5.2.11.RELEASE.jar;D:\Environments\Java\apache-maven-3.6.1\maven-repo\org\springframework\spring-beans\5.2.11.RELEASE\spring-beans-5.2.11.RELEASE.jar;D:\Environments\Java\apache-maven-3.6.1\maven-repo\org\springframework\security\spring-security-config\5.3.5.RELEASE\spring-security-config-5.3.5.RELEASE.jar;D:\Environments\Java\apache-maven-3.6.1\maven-repo\org\springframework\security\spring-security-core\5.3.5.RELEASE\spring-security-core-5.3.5.RELEASE.jar;D:\Environments\Java\apache-maven-3.6.1\maven-repo\org\springframework\spring-context\5.2.11.RELEASE\spring-context-5.2.11.RELEASE.jar;D:\Environments\Java\apache-maven-3.6.1\maven-repo\org\springframework\security\spring-security-web\5.3.5.RELEASE\spring-security-web-5.3.5.RELEASE.jar;D:\Environments\Java\apache-maven-3.6.1\maven-repo\org\springframework\spring-expression\5.2.11.RELEASE\spring-expression-5.2.11.RELEASE.jar;D:\Environments\Java\apache-maven-3.6.1\maven-repo\org\springframework\boot\spring-boot-starter-data-redis\2.3.6.RELEASE\spring-boot-starter-data-redis-2.3.6.RELEASE.jar;D:\Environments\Java\apache-maven-3.6.1\maven-repo\org\springframework\data\spring-data-redis\2.3.5.RELEASE\spring-data-redis-2.3.5.RELEASE.jar;D:\Environments\Java\apache-maven-3.6.1\maven-repo\org\springframework\data\spring-data-keyvalue\2.3.5.RELEASE\spring-data-keyvalue-2.3.5.RELEASE.jar;D:\Environments\Java\apache-maven-3.6.1\maven-repo\org\springframework\data\spring-data-commons\2.3.5.RELEASE\spring-data-commons-2.3.5.RELEASE.jar;D:\Environments\Java\apache-maven-3.6.1\maven-repo\org\springframework\spring-tx\5.2.11.RELEASE\spring-tx-5.2.11.RELEASE.jar;D:\Environments\Java\apache-maven-3.6.1\maven-repo\org\springframework\spring-oxm\5.2.11.RELEASE\spring-oxm-5.2.11.RELEASE.jar;D:\Environments\Java\apache-maven-3.6.1\maven-repo\org\springframework\spring-context-support\5.2.11.RELEASE\spring-context-support-5.2.11.RELEASE.jar;D:\Environments\Java\apache-maven-3.6.1\maven-repo\io\lettuce\lettuce-core\5.3.5.RELEASE\lettuce-core-5.3.5.RELEASE.jar;D:\Environments\Java\apache-maven-3.6.1\maven-repo\io\netty\netty-common\4.1.54.Final\netty-common-4.1.54.Final.jar;D:\Environments\Java\apache-maven-3.6.1\maven-repo\io\netty\netty-handler\4.1.54.Final\netty-handler-4.1.54.Final.jar;D:\Environments\Java\apache-maven-3.6.1\maven-repo\io\netty\netty-resolver\4.1.54.Final\netty-resolver-4.1.54.Final.jar;D:\Environments\Java\apache-maven-3.6.1\maven-repo\io\netty\netty-buffer\4.1.54.Final\netty-buffer-4.1.54.Final.jar;D:\Environments\Java\apache-maven-3.6.1\maven-repo\io\netty\netty-codec\4.1.54.Final\netty-codec-4.1.54.Final.jar;D:\Environments\Java\apache-maven-3.6.1\maven-repo\io\netty\netty-transport\4.1.54.Final\netty-transport-4.1.54.Final.jar;D:\Environments\Java\apache-maven-3.6.1\maven-repo\io\projectreactor\reactor-core\3.3.11.RELEASE\reactor-core-3.3.11.RELEASE.jar;D:\Environments\Java\apache-maven-3.6.1\maven-repo\org\reactivestreams\reactive-streams\1.0.3\reactive-streams-1.0.3.jar;D:\Environments\Java\apache-maven-3.6.1\maven-repo\org\apache\commons\commons-pool2\2.8.1\commons-pool2-2.8.1.jar;D:\Java_Web_相关资料\code\后端\guli-auth-project\common\service-util\target\service-util-1.0.jar;D:\Java_Web_相关资料\code\后端\guli-auth-project\common\common-log\target\common-log-1.0.jar;D:\Environments\Java\apache-maven-3.6.1\maven-repo\org\springframework\boot\spring-boot-starter-web\2.3.6.RELEASE\spring-boot-starter-web-2.3.6.RELEASE.jar;D:\Environments\Java\apache-maven-3.6.1\maven-repo\org\springframework\boot\spring-boot-starter-json\2.3.6.RELEASE\spring-boot-starter-json-2.3.6.RELEASE.jar;D:\Environments\Java\apache-maven-3.6.1\maven-repo\com\fasterxml\jackson\datatype\jackson-datatype-jdk8\2.11.3\jackson-datatype-jdk8-2.11.3.jar;D:\Environments\Java\apache-maven-3.6.1\maven-repo\com\fasterxml\jackson\datatype\jackson-datatype-jsr310\2.11.3\jackson-datatype-jsr310-2.11.3.jar;D:\Environments\Java\apache-maven-3.6.1\maven-repo\com\fasterxml\jackson\module\jackson-module-parameter-names\2.11.3\jackson-module-parameter-names-2.11.3.jar;D:\Environments\Java\apache-maven-3.6.1\maven-repo\org\springframework\boot\spring-boot-starter-tomcat\2.3.6.RELEASE\spring-boot-starter-tomcat-2.3.6.RELEASE.jar;D:\Environments\Java\apache-maven-3.6.1\maven-repo\org\apache\tomcat\embed\tomcat-embed-core\9.0.39\tomcat-embed-core-9.0.39.jar;D:\Environments\Java\apache-maven-3.6.1\maven-repo\org\glassfish\jakarta.el\3.0.3\jakarta.el-3.0.3.jar;D:\Environments\Java\apache-maven-3.6.1\maven-repo\org\apache\tomcat\embed\tomcat-embed-websocket\9.0.39\tomcat-embed-websocket-9.0.39.jar;D:\Environments\Java\apache-maven-3.6.1\maven-repo\org\springframework\spring-web\5.2.11.RELEASE\spring-web-5.2.11.RELEASE.jar;D:\Environments\Java\apache-maven-3.6.1\maven-repo\org\springframework\spring-webmvc\5.2.11.RELEASE\spring-webmvc-5.2.11.RELEASE.jar;D:\Environments\Java\apache-maven-3.6.1\maven-repo\com\baomidou\mybatis-plus-boot-starter\3.4.1\mybatis-plus-boot-starter-3.4.1.jar;D:\Environments\Java\apache-maven-3.6.1\maven-repo\com\baomidou\mybatis-plus\3.4.1\mybatis-plus-3.4.1.jar;D:\Environments\Java\apache-maven-3.6.1\maven-repo\com\baomidou\mybatis-plus-extension\3.4.1\mybatis-plus-extension-3.4.1.jar;D:\Environments\Java\apache-maven-3.6.1\maven-repo\com\baomidou\mybatis-plus-core\3.4.1\mybatis-plus-core-3.4.1.jar;D:\Environments\Java\apache-maven-3.6.1\maven-repo\com\baomidou\mybatis-plus-annotation\3.4.1\mybatis-plus-annotation-3.4.1.jar;D:\Environments\Java\apache-maven-3.6.1\maven-repo\com\github\jsqlparser\jsqlparser\3.2\jsqlparser-3.2.jar;D:\Environments\Java\apache-maven-3.6.1\maven-repo\org\mybatis\mybatis\3.5.6\mybatis-3.5.6.jar;D:\Environments\Java\apache-maven-3.6.1\maven-repo\org\mybatis\mybatis-spring\2.0.5\mybatis-spring-2.0.5.jar;D:\Environments\Java\apache-maven-3.6.1\maven-repo\org\springframework\boot\spring-boot-autoconfigure\2.3.6.RELEASE\spring-boot-autoconfigure-2.3.6.RELEASE.jar;D:\Environments\Java\apache-maven-3.6.1\maven-repo\org\springframework\boot\spring-boot-starter-jdbc\2.3.6.RELEASE\spring-boot-starter-jdbc-2.3.6.RELEASE.jar;D:\Environments\Java\apache-maven-3.6.1\maven-repo\com\zaxxer\HikariCP\3.4.5\HikariCP-3.4.5.jar;D:\Environments\Java\apache-maven-3.6.1\maven-repo\org\springframework\spring-jdbc\5.2.11.RELEASE\spring-jdbc-5.2.11.RELEASE.jar;D:\Environments\Java\apache-maven-3.6.1\maven-repo\mysql\mysql-connector-java\8.0.23\mysql-connector-java-8.0.23.jar;D:\Environments\Java\apache-maven-3.6.1\maven-repo\com\google\protobuf\protobuf-java\3.11.4\protobuf-java-3.11.4.jar;D:\Environments\Java\apache-maven-3.6.1\maven-repo\com\github\xiaoymin\knife4j-spring-boot-starter\2.0.8\knife4j-spring-boot-starter-2.0.8.jar;D:\Environments\Java\apache-maven-3.6.1\maven-repo\com\github\xiaoymin\knife4j-spring-boot-autoconfigure\2.0.8\knife4j-spring-boot-autoconfigure-2.0.8.jar;D:\Environments\Java\apache-maven-3.6.1\maven-repo\com\github\xiaoymin\knife4j-spring\2.0.8\knife4j-spring-2.0.8.jar;D:\Environments\Java\apache-maven-3.6.1\maven-repo\com\github\xiaoymin\knife4j-annotations\2.0.8\knife4j-annotations-2.0.8.jar;D:\Environments\Java\apache-maven-3.6.1\maven-repo\com\github\xiaoymin\knife4j-core\2.0.8\knife4j-core-2.0.8.jar;D:\Environments\Java\apache-maven-3.6.1\maven-repo\org\javassist\javassist\3.25.0-GA\javassist-3.25.0-GA.jar;D:\Environments\Java\apache-maven-3.6.1\maven-repo\io\swagger\swagger-models\1.5.22\swagger-models-1.5.22.jar;D:\Environments\Java\apache-maven-3.6.1\maven-repo\io\swagger\swagger-annotations\1.5.22\swagger-annotations-1.5.22.jar;D:\Environments\Java\apache-maven-3.6.1\maven-repo\io\springfox\springfox-swagger2\2.10.5\springfox-swagger2-2.10.5.jar;D:\Environments\Java\apache-maven-3.6.1\maven-repo\io\springfox\springfox-spi\2.10.5\springfox-spi-2.10.5.jar;D:\Environments\Java\apache-maven-3.6.1\maven-repo\io\springfox\springfox-core\2.10.5\springfox-core-2.10.5.jar;D:\Environments\Java\apache-maven-3.6.1\maven-repo\io\springfox\springfox-schema\2.10.5\springfox-schema-2.10.5.jar;D:\Environments\Java\apache-maven-3.6.1\maven-repo\io\springfox\springfox-swagger-common\2.10.5\springfox-swagger-common-2.10.5.jar;D:\Environments\Java\apache-maven-3.6.1\maven-repo\io\springfox\springfox-spring-web\2.10.5\springfox-spring-web-2.10.5.jar;D:\Environments\Java\apache-maven-3.6.1\maven-repo\io\github\classgraph\classgraph\4.1.7\classgraph-4.1.7.jar;D:\Environments\Java\apache-maven-3.6.1\maven-repo\com\fasterxml\classmate\1.5.1\classmate-1.5.1.jar;D:\Environments\Java\apache-maven-3.6.1\maven-repo\org\springframework\plugin\spring-plugin-core\2.0.0.RELEASE\spring-plugin-core-2.0.0.RELEASE.jar;D:\Environments\Java\apache-maven-3.6.1\maven-repo\org\springframework\plugin\spring-plugin-metadata\2.0.0.RELEASE\spring-plugin-metadata-2.0.0.RELEASE.jar;D:\Environments\Java\apache-maven-3.6.1\maven-repo\org\mapstruct\mapstruct\1.3.1.Final\mapstruct-1.3.1.Final.jar;D:\Environments\Java\apache-maven-3.6.1\maven-repo\io\springfox\springfox-bean-validators\2.10.5\springfox-bean-validators-2.10.5.jar;D:\Environments\Java\apache-maven-3.6.1\maven-repo\io\springfox\springfox-spring-webmvc\2.10.5\springfox-spring-webmvc-2.10.5.jar;D:\Environments\Java\apache-maven-3.6.1\maven-repo\com\github\xiaoymin\knife4j-spring-ui\2.0.8\knife4j-spring-ui-2.0.8.jar;D:\Environments\Java\apache-maven-3.6.1\maven-repo\org\springframework\boot\spring-boot-starter-test\2.3.6.RELEASE\spring-boot-starter-test-2.3.6.RELEASE.jar;D:\Environments\Java\apache-maven-3.6.1\maven-repo\org\springframework\boot\spring-boot-starter\2.3.6.RELEASE\spring-boot-starter-2.3.6.RELEASE.jar;D:\Environments\Java\apache-maven-3.6.1\maven-repo\org\springframework\boot\spring-boot\2.3.6.RELEASE\spring-boot-2.3.6.RELEASE.jar;D:\Environments\Java\apache-maven-3.6.1\maven-repo\org\springframework\boot\spring-boot-starter-logging\2.3.6.RELEASE\spring-boot-starter-logging-2.3.6.RELEASE.jar;D:\Environments\Java\apache-maven-3.6.1\maven-repo\ch\qos\logback\logback-classic\1.2.3\logback-classic-1.2.3.jar;D:\Environments\Java\apache-maven-3.6.1\maven-repo\ch\qos\logback\logback-core\1.2.3\logback-core-1.2.3.jar;D:\Environments\Java\apache-maven-3.6.1\maven-repo\org\apache\logging\log4j\log4j-to-slf4j\2.13.3\log4j-to-slf4j-2.13.3.jar;D:\Environments\Java\apache-maven-3.6.1\maven-repo\org\apache\logging\log4j\log4j-api\2.13.3\log4j-api-2.13.3.jar;D:\Environments\Java\apache-maven-3.6.1\maven-repo\org\slf4j\jul-to-slf4j\1.7.30\jul-to-slf4j-1.7.30.jar;D:\Environments\Java\apache-maven-3.6.1\maven-repo\jakarta\annotation\jakarta.annotation-api\1.3.5\jakarta.annotation-api-1.3.5.jar;D:\Environments\Java\apache-maven-3.6.1\maven-repo\org\yaml\snakeyaml\1.26\snakeyaml-1.26.jar;D:\Environments\Java\apache-maven-3.6.1\maven-repo\org\springframework\boot\spring-boot-test\2.3.6.RELEASE\spring-boot-test-2.3.6.RELEASE.jar;D:\Environments\Java\apache-maven-3.6.1\maven-repo\org\springframework\boot\spring-boot-test-autoconfigure\2.3.6.RELEASE\spring-boot-test-autoconfigure-2.3.6.RELEASE.jar;D:\Environments\Java\apache-maven-3.6.1\maven-repo\com\jayway\jsonpath\json-path\2.4.0\json-path-2.4.0.jar;D:\Environments\Java\apache-maven-3.6.1\maven-repo\net\minidev\json-smart\2.3\json-smart-2.3.jar;D:\Environments\Java\apache-maven-3.6.1\maven-repo\net\minidev\accessors-smart\1.2\accessors-smart-1.2.jar;D:\Environments\Java\apache-maven-3.6.1\maven-repo\org\ow2\asm\asm\5.0.4\asm-5.0.4.jar;D:\Environments\Java\apache-maven-3.6.1\maven-repo\org\slf4j\slf4j-api\1.7.30\slf4j-api-1.7.30.jar;D:\Environments\Java\apache-maven-3.6.1\maven-repo\jakarta\xml\bind\jakarta.xml.bind-api\2.3.3\jakarta.xml.bind-api-2.3.3.jar;D:\Environments\Java\apache-maven-3.6.1\maven-repo\jakarta\activation\jakarta.activation-api\1.2.2\jakarta.activation-api-1.2.2.jar;D:\Environments\Java\apache-maven-3.6.1\maven-repo\org\assertj\assertj-core\3.16.1\assertj-core-3.16.1.jar;D:\Environments\Java\apache-maven-3.6.1\maven-repo\org\hamcrest\hamcrest\2.2\hamcrest-2.2.jar;D:\Environments\Java\apache-maven-3.6.1\maven-repo\org\junit\jupiter\junit-jupiter\5.6.3\junit-jupiter-5.6.3.jar;D:\Environments\Java\apache-maven-3.6.1\maven-repo\org\junit\jupiter\junit-jupiter-api\5.6.3\junit-jupiter-api-5.6.3.jar;D:\Environments\Java\apache-maven-3.6.1\maven-repo\org\opentest4j\opentest4j\1.2.0\opentest4j-1.2.0.jar;D:\Environments\Java\apache-maven-3.6.1\maven-repo\org\junit\platform\junit-platform-commons\1.6.3\junit-platform-commons-1.6.3.jar;D:\Environments\Java\apache-maven-3.6.1\maven-repo\org\junit\jupiter\junit-jupiter-params\5.6.3\junit-jupiter-params-5.6.3.jar;D:\Environments\Java\apache-maven-3.6.1\maven-repo\org\junit\jupiter\junit-jupiter-engine\5.6.3\junit-jupiter-engine-5.6.3.jar;D:\Environments\Java\apache-maven-3.6.1\maven-repo\org\junit\vintage\junit-vintage-engine\5.6.3\junit-vintage-engine-5.6.3.jar;D:\Environments\Java\apache-maven-3.6.1\maven-repo\org\apiguardian\apiguardian-api\1.1.0\apiguardian-api-1.1.0.jar;D:\Environments\Java\apache-maven-3.6.1\maven-repo\org\junit\platform\junit-platform-engine\1.6.3\junit-platform-engine-1.6.3.jar;D:\Environments\Java\apache-maven-3.6.1\maven-repo\junit\junit\4.13.1\junit-4.13.1.jar;D:\Environments\Java\apache-maven-3.6.1\maven-repo\org\mockito\mockito-core\3.3.3\mockito-core-3.3.3.jar;D:\Environments\Java\apache-maven-3.6.1\maven-repo\net\bytebuddy\byte-buddy\1.10.18\byte-buddy-1.10.18.jar;D:\Environments\Java\apache-maven-3.6.1\maven-repo\net\bytebuddy\byte-buddy-agent\1.10.18\byte-buddy-agent-1.10.18.jar;D:\Environments\Java\apache-maven-3.6.1\maven-repo\org\objenesis\objenesis\2.6\objenesis-2.6.jar;D:\Environments\Java\apache-maven-3.6.1\maven-repo\org\mockito\mockito-junit-jupiter\3.3.3\mockito-junit-jupiter-3.3.3.jar;D:\Environments\Java\apache-maven-3.6.1\maven-repo\org\skyscreamer\jsonassert\1.5.0\jsonassert-1.5.0.jar;D:\Environments\Java\apache-maven-3.6.1\maven-repo\com\vaadin\external\google\android-json\0.0.20131108.vaadin1\android-json-0.0.20131108.vaadin1.jar;D:\Environments\Java\apache-maven-3.6.1\maven-repo\org\springframework\spring-core\5.2.11.RELEASE\spring-core-5.2.11.RELEASE.jar;D:\Environments\Java\apache-maven-3.6.1\maven-repo\org\springframework\spring-jcl\5.2.11.RELEASE\spring-jcl-5.2.11.RELEASE.jar;D:\Environments\Java\apache-maven-3.6.1\maven-repo\org\springframework\spring-test\5.2.11.RELEASE\spring-test-5.2.11.RELEASE.jar;D:\Environments\Java\apache-maven-3.6.1\maven-repo\org\xmlunit\xmlunit-core\2.7.0\xmlunit-core-2.7.0.jar;"/>
    <property name="sun.cpu.endian" value="little"/>
    <property name="user.home" value="C:\Users\Ytz"/>
    <property name="user.language" value="zh"/>
    <property name="java.specification.vendor" value="Oracle Corporation"/>
    <property name="java.home" value="D:\Environments\Java\jdk1.8\jre"/>
    <property name="basedir" value="D:\Java_Web_相关资料\code\后端\guli-auth-project\service-system"/>
    <property name="file.separator" value="\"/>
    <property name="line.separator" value="&#10;"/>
    <property name="java.vm.specification.vendor" value="Oracle Corporation"/>
    <property name="java.specification.name" value="Java Platform API Specification"/>
    <property name="java.awt.graphicsenv" value="sun.awt.Win32GraphicsEnvironment"/>
    <property name="surefire.real.class.path" value="C:\Users\Ytz\AppData\Local\Temp\surefire654019705864884810\surefirebooter8369313924940332278.jar"/>
    <property name="sun.boot.class.path" value="D:\Environments\Java\jdk1.8\jre\lib\resources.jar;D:\Environments\Java\jdk1.8\jre\lib\rt.jar;D:\Environments\Java\jdk1.8\jre\lib\jsse.jar;D:\Environments\Java\jdk1.8\jre\lib\jce.jar;D:\Environments\Java\jdk1.8\jre\lib\charsets.jar;D:\Environments\Java\jdk1.8\jre\lib\jfr.jar;D:\Environments\Java\jdk1.8\jre\classes"/>
    <property name="user.script" value=""/>
    <property name="sun.management.compiler" value="HotSpot 64-Bit Tiered Compilers"/>
    <property name="java.runtime.version" value="1.8.0_341-b10"/>
    <property name="user.name" value="Ytz"/>
    <property name="path.separator" value=";"/>
    <property name="os.version" value="10.0"/>
    <property name="java.endorsed.dirs" value="D:\Environments\Java\jdk1.8\jre\lib\endorsed"/>
    <property name="java.runtime.name" value="Java(TM) SE Runtime Environment"/>
    <property name="file.encoding" value="GBK"/>
    <property name="java.vm.name" value="Java HotSpot(TM) 64-Bit Server VM"/>
    <property name="localRepository" value="D:\Environments\Java\apache-maven-3.6.1\maven-repo"/>
    <property name="java.vendor.url.bug" value="http://bugreport.sun.com/bugreport/"/>
    <property name="java.io.tmpdir" value="C:\Users\Ytz\AppData\Local\Temp\"/>
    <property name="idea.version" value="2021.1.3"/>
    <property name="java.version" value="1.8.0_341"/>
    <property name="user.dir" value="D:\Java_Web_相关资料\code\后端\guli-auth-project\service-system"/>
    <property name="os.arch" value="amd64"/>
    <property name="java.vm.specification.name" value="Java Virtual Machine Specification"/>
    <property name="java.awt.printerjob" value="sun.awt.windows.WPrinterJob"/>
    <property name="sun.os.patch.level" value=""/>
    <property name="java.library.path" value="D:\Environments\Java\jdk1.8\jre\bin;C:\Windows\Sun\Java\bin;C:\Windows\system32;C:\Windows;D:\Environments\虚拟机\VMware\VMware Workstation\bin\;D:\Environments\Java\jdk1.8\bin;D:\Environments\MySQL\MySQL Server 8.0\bin;C:\Program Files (x86)\Common Files\Oracle\Java\javapath;C:\Windows\system32;C:\Windows;C:\Windows\System32\Wbem;C:\Windows\System32\WindowsPowerShell\v1.0\;C:\Windows\System32\OpenSSH\;C:\Program Files (x86)\NVIDIA Corporation\PhysX\Common;C:\Program Files\NVIDIA Corporation\NVIDIA NvDLISR;D:\Program Files\Bandizip\;C:\Program Files\Pandoc\;D:\Users\Ytz\AppData\Local\Programs\MiKTeX\miktex\bin\x64;D:\Program Files\Git\cmd;D:\Environments\Java\apache-maven-3.6.1\bin;D:\Program Files\nvm\v16.17.0\node_global;D:\Program Files\nvm;D:\Program Files\nodejs;D:\Users\Ytz\anaconda3;D:\Users\Ytz\anaconda3\Library\mingw-w64\bin;D:\Users\Ytz\anaconda3\Library\usr\bin;D:\Users\Ytz\anaconda3\Library\bin;D:\Users\Ytz\anaconda3\Scripts;C:\Users\Ytz\AppData\Local\Microsoft\WindowsApps;D:\Program Files\JetBrains\PyCharm 2020.1.5\bin;;D:\Program Files\JetBrains\IntelliJ IDEA 2021.1.3\bin;;D:\Users\Ytz\AppData\Local\Programs\MiKTeX\miktex\bin\x64\;D:\Program Files\Microsoft VS Code\bin;C:\Users\Ytz\AppData\Roaming\npm;D:\Program Files\nvm;D:\Program Files\nodejs;."/>
    <property name="java.vm.info" value="mixed mode"/>
    <property name="java.vendor" value="Oracle Corporation"/>
    <property name="java.vm.version" value="25.341-b10"/>
    <property name="java.ext.dirs" value="D:\Environments\Java\jdk1.8\jre\lib\ext;C:\Windows\Sun\Java\lib\ext"/>
    <property name="sun.io.unicode.encoding" value="UnicodeLittle"/>
    <property name="maven.repo.local" value="D:\Environments\Java\apache-maven-3.6.1\maven-repo"/>
    <property name="java.class.version" value="52.0"/>
  </properties>
  <testcase name="test" classname="com.atguigu.system.MyBatisPlusTest" time="0.446"/>
  <testcase name="getUserMenuList" classname="com.atguigu.system.MyBatisPlusTest" time="0.006"/>
</testsuite>